<?xml version="1.0" encoding="UTF-8"?><testrun name="DateNTimeTest" project="Java101BASICS" tests="39" started="39" failures="0" errors="1" ignored="0">
  <testsuite name="com.local.lessions.datentimetest.DateNTimeTest" time="0.288" displayname="DateNTimeTest" uniqueid="[engine:junit-jupiter]/[class:com.local.lessions.datentimetest.DateNTimeTest]">
    <testcase name="testFormatDateTimeMMddYYHHmmssSSnna" classname="com.local.lessions.datentimetest.DateNTimeTest" time="0.17" displayname="testFormatDateTimeMMddYYHHmmssSSnna()" uniqueid="[engine:junit-jupiter]/[class:com.local.lessions.datentimetest.DateNTimeTest]/[method:testFormatDateTimeMMddYYHHmmssSSnna()]"/>
    <testcase name="testPositivePlusMinutes" classname="com.local.lessions.datentimetest.DateNTimeTest" time="0.003" displayname="testPositivePlusMinutes()" uniqueid="[engine:junit-jupiter]/[class:com.local.lessions.datentimetest.DateNTimeTest]/[method:testPositivePlusMinutes()]"/>
    <testcase name="testMinusZeroMinutes" classname="com.local.lessions.datentimetest.DateNTimeTest" time="0.003" displayname="testMinusZeroMinutes()" uniqueid="[engine:junit-jupiter]/[class:com.local.lessions.datentimetest.DateNTimeTest]/[method:testMinusZeroMinutes()]"/>
    <testcase name="testGetTodayreturnsgetsDayOfTheMonth" classname="com.local.lessions.datentimetest.DateNTimeTest" time="0.003" displayname="testGetTodayreturnsgetsDayOfTheMonth()" uniqueid="[engine:junit-jupiter]/[class:com.local.lessions.datentimetest.DateNTimeTest]/[method:testGetTodayreturnsgetsDayOfTheMonth()]"/>
    <testcase name="testFormatDateTimeHHmmssa" classname="com.local.lessions.datentimetest.DateNTimeTest" time="0.003" displayname="testFormatDateTimeHHmmssa()" uniqueid="[engine:junit-jupiter]/[class:com.local.lessions.datentimetest.DateNTimeTest]/[method:testFormatDateTimeHHmmssa()]"/>
    <testcase name="testDayOfYearReturnsGetDayOfYear" classname="com.local.lessions.datentimetest.DateNTimeTest" time="0.003" displayname="testDayOfYearReturnsGetDayOfYear()" uniqueid="[engine:junit-jupiter]/[class:com.local.lessions.datentimetest.DateNTimeTest]/[method:testDayOfYearReturnsGetDayOfYear()]"/>
    <testcase name="testFormatDateTimeH" classname="com.local.lessions.datentimetest.DateNTimeTest" time="0.002" displayname="testFormatDateTimeH()" uniqueid="[engine:junit-jupiter]/[class:com.local.lessions.datentimetest.DateNTimeTest]/[method:testFormatDateTimeH()]"/>
    <testcase name="testFormatDateTimeN" classname="com.local.lessions.datentimetest.DateNTimeTest" time="0.002" displayname="testFormatDateTimeN()" uniqueid="[engine:junit-jupiter]/[class:com.local.lessions.datentimetest.DateNTimeTest]/[method:testFormatDateTimeN()]"/>
    <testcase name="testFormatDateTimeS" classname="com.local.lessions.datentimetest.DateNTimeTest" time="0.002" displayname="testFormatDateTimeS()" uniqueid="[engine:junit-jupiter]/[class:com.local.lessions.datentimetest.DateNTimeTest]/[method:testFormatDateTimeS()]"/>
    <testcase name="testFormatDateTimeV" classname="com.local.lessions.datentimetest.DateNTimeTest" time="0.013" displayname="testFormatDateTimeV()" uniqueid="[engine:junit-jupiter]/[class:com.local.lessions.datentimetest.DateNTimeTest]/[method:testFormatDateTimeV()]">
      <error>java.lang.IllegalArgumentException: Pattern letter count must be 2: V&#13;
	at java.time.format.DateTimeFormatterBuilder.parsePattern(Unknown Source)&#13;
	at java.time.format.DateTimeFormatterBuilder.appendPattern(Unknown Source)&#13;
	at java.time.format.DateTimeFormatter.ofPattern(Unknown Source)&#13;
	at com.local.lessions.datesntime.DateNTime.formatDateTime(DateNTime.java:43)&#13;
	at com.local.lessions.datentimetest.DateNTimeTest.testFormatDateTimeV(DateNTimeTest.java:350)&#13;
	at sun.reflect.NativeMethodAccessorImpl.invoke0(Native Method)&#13;
	at sun.reflect.NativeMethodAccessorImpl.invoke(Unknown Source)&#13;
	at sun.reflect.DelegatingMethodAccessorImpl.invoke(Unknown Source)&#13;
	at java.lang.reflect.Method.invoke(Unknown Source)&#13;
	at org.junit.platform.commons.util.ReflectionUtils.invokeMethod(ReflectionUtils.java:686)&#13;
	at org.junit.jupiter.engine.execution.MethodInvocation.proceed(MethodInvocation.java:60)&#13;
	at org.junit.jupiter.engine.execution.InvocationInterceptorChain$ValidatingInvocation.proceed(InvocationInterceptorChain.java:131)&#13;
	at org.junit.jupiter.engine.extension.TimeoutExtension.intercept(TimeoutExtension.java:149)&#13;
	at org.junit.jupiter.engine.extension.TimeoutExtension.interceptTestableMethod(TimeoutExtension.java:140)&#13;
	at org.junit.jupiter.engine.extension.TimeoutExtension.interceptTestMethod(TimeoutExtension.java:84)&#13;
	at org.junit.jupiter.engine.execution.ExecutableInvoker$ReflectiveInterceptorCall.lambda$ofVoidMethod$0(ExecutableInvoker.java:115)&#13;
	at org.junit.jupiter.engine.execution.ExecutableInvoker.lambda$invoke$0(ExecutableInvoker.java:105)&#13;
	at org.junit.jupiter.engine.execution.InvocationInterceptorChain$InterceptedInvocation.proceed(InvocationInterceptorChain.java:106)&#13;
	at org.junit.jupiter.engine.execution.InvocationInterceptorChain.proceed(InvocationInterceptorChain.java:64)&#13;
	at org.junit.jupiter.engine.execution.InvocationInterceptorChain.chainAndInvoke(InvocationInterceptorChain.java:45)&#13;
	at org.junit.jupiter.engine.execution.InvocationInterceptorChain.invoke(InvocationInterceptorChain.java:37)&#13;
	at org.junit.jupiter.engine.execution.ExecutableInvoker.invoke(ExecutableInvoker.java:104)&#13;
	at org.junit.jupiter.engine.execution.ExecutableInvoker.invoke(ExecutableInvoker.java:98)&#13;
	at org.junit.jupiter.engine.descriptor.TestMethodTestDescriptor.lambda$invokeTestMethod$6(TestMethodTestDescriptor.java:205)&#13;
	at org.junit.platform.engine.support.hierarchical.ThrowableCollector.execute(ThrowableCollector.java:73)&#13;
	at org.junit.jupiter.engine.descriptor.TestMethodTestDescriptor.invokeTestMethod(TestMethodTestDescriptor.java:201)&#13;
	at org.junit.jupiter.engine.descriptor.TestMethodTestDescriptor.execute(TestMethodTestDescriptor.java:137)&#13;
	at org.junit.jupiter.engine.descriptor.TestMethodTestDescriptor.execute(TestMethodTestDescriptor.java:71)&#13;
	at org.junit.platform.engine.support.hierarchical.NodeTestTask.lambda$executeRecursively$5(NodeTestTask.java:135)&#13;
	at org.junit.platform.engine.support.hierarchical.ThrowableCollector.execute(ThrowableCollector.java:73)&#13;
	at org.junit.platform.engine.support.hierarchical.NodeTestTask.lambda$executeRecursively$7(NodeTestTask.java:125)&#13;
	at org.junit.platform.engine.support.hierarchical.Node.around(Node.java:135)&#13;
	at org.junit.platform.engine.support.hierarchical.NodeTestTask.lambda$executeRecursively$8(NodeTestTask.java:123)&#13;
	at org.junit.platform.engine.support.hierarchical.ThrowableCollector.execute(ThrowableCollector.java:73)&#13;
	at org.junit.platform.engine.support.hierarchical.NodeTestTask.executeRecursively(NodeTestTask.java:122)&#13;
	at org.junit.platform.engine.support.hierarchical.NodeTestTask.execute(NodeTestTask.java:80)&#13;
	at java.util.ArrayList.forEach(Unknown Source)&#13;
	at org.junit.platform.engine.support.hierarchical.SameThreadHierarchicalTestExecutorService.invokeAll(SameThreadHierarchicalTestExecutorService.java:38)&#13;
	at org.junit.platform.engine.support.hierarchical.NodeTestTask.lambda$executeRecursively$5(NodeTestTask.java:139)&#13;
	at org.junit.platform.engine.support.hierarchical.ThrowableCollector.execute(ThrowableCollector.java:73)&#13;
	at org.junit.platform.engine.support.hierarchical.NodeTestTask.lambda$executeRecursively$7(NodeTestTask.java:125)&#13;
	at org.junit.platform.engine.support.hierarchical.Node.around(Node.java:135)&#13;
	at org.junit.platform.engine.support.hierarchical.NodeTestTask.lambda$executeRecursively$8(NodeTestTask.java:123)&#13;
	at org.junit.platform.engine.support.hierarchical.ThrowableCollector.execute(ThrowableCollector.java:73)&#13;
	at org.junit.platform.engine.support.hierarchical.NodeTestTask.executeRecursively(NodeTestTask.java:122)&#13;
	at org.junit.platform.engine.support.hierarchical.NodeTestTask.execute(NodeTestTask.java:80)&#13;
	at java.util.ArrayList.forEach(Unknown Source)&#13;
	at org.junit.platform.engine.support.hierarchical.SameThreadHierarchicalTestExecutorService.invokeAll(SameThreadHierarchicalTestExecutorService.java:38)&#13;
	at org.junit.platform.engine.support.hierarchical.NodeTestTask.lambda$executeRecursively$5(NodeTestTask.java:139)&#13;
	at org.junit.platform.engine.support.hierarchical.ThrowableCollector.execute(ThrowableCollector.java:73)&#13;
	at org.junit.platform.engine.support.hierarchical.NodeTestTask.lambda$executeRecursively$7(NodeTestTask.java:125)&#13;
	at org.junit.platform.engine.support.hierarchical.Node.around(Node.java:135)&#13;
	at org.junit.platform.engine.support.hierarchical.NodeTestTask.lambda$executeRecursively$8(NodeTestTask.java:123)&#13;
	at org.junit.platform.engine.support.hierarchical.ThrowableCollector.execute(ThrowableCollector.java:73)&#13;
	at org.junit.platform.engine.support.hierarchical.NodeTestTask.executeRecursively(NodeTestTask.java:122)&#13;
	at org.junit.platform.engine.support.hierarchical.NodeTestTask.execute(NodeTestTask.java:80)&#13;
	at org.junit.platform.engine.support.hierarchical.SameThreadHierarchicalTestExecutorService.submit(SameThreadHierarchicalTestExecutorService.java:32)&#13;
	at org.junit.platform.engine.support.hierarchical.HierarchicalTestExecutor.execute(HierarchicalTestExecutor.java:57)&#13;
	at org.junit.platform.engine.support.hierarchical.HierarchicalTestEngine.execute(HierarchicalTestEngine.java:51)&#13;
	at org.junit.platform.launcher.core.DefaultLauncher.execute(DefaultLauncher.java:248)&#13;
	at org.junit.platform.launcher.core.DefaultLauncher.lambda$execute$5(DefaultLauncher.java:211)&#13;
	at org.junit.platform.launcher.core.DefaultLauncher.withInterceptedStreams(DefaultLauncher.java:226)&#13;
	at org.junit.platform.launcher.core.DefaultLauncher.execute(DefaultLauncher.java:199)&#13;
	at org.junit.platform.launcher.core.DefaultLauncher.execute(DefaultLauncher.java:141)&#13;
	at org.eclipse.jdt.internal.junit5.runner.JUnit5TestReference.run(JUnit5TestReference.java:98)&#13;
	at org.eclipse.jdt.internal.junit.runner.TestExecution.run(TestExecution.java:41)&#13;
	at org.eclipse.jdt.internal.junit.runner.RemoteTestRunner.runTests(RemoteTestRunner.java:542)&#13;
	at org.eclipse.jdt.internal.junit.runner.RemoteTestRunner.runTests(RemoteTestRunner.java:770)&#13;
	at org.eclipse.jdt.internal.junit.runner.RemoteTestRunner.run(RemoteTestRunner.java:464)&#13;
	at org.eclipse.jdt.internal.junit.runner.RemoteTestRunner.main(RemoteTestRunner.java:210)&#13;
&#13;
</error>
    </testcase>
    <testcase name="testFormatDateTimea" classname="com.local.lessions.datentimetest.DateNTimeTest" time="0.002" displayname="testFormatDateTimea()" uniqueid="[engine:junit-jupiter]/[class:com.local.lessions.datentimetest.DateNTimeTest]/[method:testFormatDateTimea()]"/>
    <testcase name="testFormatDateTimem" classname="com.local.lessions.datentimetest.DateNTimeTest" time="0.002" displayname="testFormatDateTimem()" uniqueid="[engine:junit-jupiter]/[class:com.local.lessions.datentimetest.DateNTimeTest]/[method:testFormatDateTimem()]"/>
    <testcase name="testGetTimeNow" classname="com.local.lessions.datentimetest.DateNTimeTest" time="0.002" displayname="testGetTimeNow()" uniqueid="[engine:junit-jupiter]/[class:com.local.lessions.datentimetest.DateNTimeTest]/[method:testGetTimeNow()]"/>
    <testcase name="testIsLeapYearReturnsBooleanLeapYear" classname="com.local.lessions.datentimetest.DateNTimeTest" time="0.002" displayname="testIsLeapYearReturnsBooleanLeapYear()" uniqueid="[engine:junit-jupiter]/[class:com.local.lessions.datentimetest.DateNTimeTest]/[method:testIsLeapYearReturnsBooleanLeapYear()]"/>
    <testcase name="testGetEpochDate" classname="com.local.lessions.datentimetest.DateNTimeTest" time="0.002" displayname="testGetEpochDate()" uniqueid="[engine:junit-jupiter]/[class:com.local.lessions.datentimetest.DateNTimeTest]/[method:testGetEpochDate()]"/>
    <testcase name="testGetEraReturnsGetsEra" classname="com.local.lessions.datentimetest.DateNTimeTest" time="0.003" displayname="testGetEraReturnsGetsEra()" uniqueid="[engine:junit-jupiter]/[class:com.local.lessions.datentimetest.DateNTimeTest]/[method:testGetEraReturnsGetsEra()]"/>
    <testcase name="testFormatDateTimeNFractSec" classname="com.local.lessions.datentimetest.DateNTimeTest" time="0.001" displayname="testFormatDateTimeNFractSec()" uniqueid="[engine:junit-jupiter]/[class:com.local.lessions.datentimetest.DateNTimeTest]/[method:testFormatDateTimeNFractSec()]"/>
    <testcase name="testFormatDateTimeMMddYYYYHHmmssa" classname="com.local.lessions.datentimetest.DateNTimeTest" time="0.002" displayname="testFormatDateTimeMMddYYYYHHmmssa()" uniqueid="[engine:junit-jupiter]/[class:com.local.lessions.datentimetest.DateNTimeTest]/[method:testFormatDateTimeMMddYYYYHHmmssa()]"/>
    <testcase name="testMinusNegativeHours" classname="com.local.lessions.datentimetest.DateNTimeTest" time="0.002" displayname="testMinusNegativeHours()" uniqueid="[engine:junit-jupiter]/[class:com.local.lessions.datentimetest.DateNTimeTest]/[method:testMinusNegativeHours()]"/>
    <testcase name="testPositivePlusDayz" classname="com.local.lessions.datentimetest.DateNTimeTest" time="0.002" displayname="testPositivePlusDayz()" uniqueid="[engine:junit-jupiter]/[class:com.local.lessions.datentimetest.DateNTimeTest]/[method:testPositivePlusDayz()]"/>
    <testcase name="testNegetivePlusMinutes" classname="com.local.lessions.datentimetest.DateNTimeTest" time="0.001" displayname="testNegetivePlusMinutes()" uniqueid="[engine:junit-jupiter]/[class:com.local.lessions.datentimetest.DateNTimeTest]/[method:testNegetivePlusMinutes()]"/>
    <testcase name="testGetYearReturnsGetsYear" classname="com.local.lessions.datentimetest.DateNTimeTest" time="0.002" displayname="testGetYearReturnsGetsYear()" uniqueid="[engine:junit-jupiter]/[class:com.local.lessions.datentimetest.DateNTimeTest]/[method:testGetYearReturnsGetsYear()]"/>
    <testcase name="testFormatDateTimeMMddYYHHmmssSSa" classname="com.local.lessions.datentimetest.DateNTimeTest" time="0.002" displayname="testFormatDateTimeMMddYYHHmmssSSa()" uniqueid="[engine:junit-jupiter]/[class:com.local.lessions.datentimetest.DateNTimeTest]/[method:testFormatDateTimeMMddYYHHmmssSSa()]"/>
    <testcase name="testMinusDaysZeroDays" classname="com.local.lessions.datentimetest.DateNTimeTest" time="0.003" displayname="testMinusDaysZeroDays()" uniqueid="[engine:junit-jupiter]/[class:com.local.lessions.datentimetest.DateNTimeTest]/[method:testMinusDaysZeroDays()]"/>
    <testcase name="testZeroPlusMinutes" classname="com.local.lessions.datentimetest.DateNTimeTest" time="0.002" displayname="testZeroPlusMinutes()" uniqueid="[engine:junit-jupiter]/[class:com.local.lessions.datentimetest.DateNTimeTest]/[method:testZeroPlusMinutes()]"/>
    <testcase name="testLengthOfMonthReturnIntLengthOfMonth" classname="com.local.lessions.datentimetest.DateNTimeTest" time="0.002" displayname="testLengthOfMonthReturnIntLengthOfMonth()" uniqueid="[engine:junit-jupiter]/[class:com.local.lessions.datentimetest.DateNTimeTest]/[method:testLengthOfMonthReturnIntLengthOfMonth()]"/>
    <testcase name="testMinusDaysNegative365Days" classname="com.local.lessions.datentimetest.DateNTimeTest" time="0.001" displayname="testMinusDaysNegative365Days()" uniqueid="[engine:junit-jupiter]/[class:com.local.lessions.datentimetest.DateNTimeTest]/[method:testMinusDaysNegative365Days()]"/>
    <testcase name="testGetNowreturnsCurrentDate" classname="com.local.lessions.datentimetest.DateNTimeTest" time="0.002" displayname="testGetNowreturnsCurrentDate()" uniqueid="[engine:junit-jupiter]/[class:com.local.lessions.datentimetest.DateNTimeTest]/[method:testGetNowreturnsCurrentDate()]"/>
    <testcase name="testLengthOfYearReturnIntLengthOfYear" classname="com.local.lessions.datentimetest.DateNTimeTest" time="0.002" displayname="testLengthOfYearReturnIntLengthOfYear()" uniqueid="[engine:junit-jupiter]/[class:com.local.lessions.datentimetest.DateNTimeTest]/[method:testLengthOfYearReturnIntLengthOfYear()]"/>
    <testcase name="testMinusZeroHours" classname="com.local.lessions.datentimetest.DateNTimeTest" time="0.002" displayname="testMinusZeroHours()" uniqueid="[engine:junit-jupiter]/[class:com.local.lessions.datentimetest.DateNTimeTest]/[method:testMinusZeroHours()]"/>
    <testcase name="testMinusHours" classname="com.local.lessions.datentimetest.DateNTimeTest" time="0.001" displayname="testMinusHours()" uniqueid="[engine:junit-jupiter]/[class:com.local.lessions.datentimetest.DateNTimeTest]/[method:testMinusHours()]"/>
    <testcase name="testMinusNegativeMinutes" classname="com.local.lessions.datentimetest.DateNTimeTest" time="0.002" displayname="testMinusNegativeMinutes()" uniqueid="[engine:junit-jupiter]/[class:com.local.lessions.datentimetest.DateNTimeTest]/[method:testMinusNegativeMinutes()]"/>
    <testcase name="testZeroPlusDayz" classname="com.local.lessions.datentimetest.DateNTimeTest" time="0.002" displayname="testZeroPlusDayz()" uniqueid="[engine:junit-jupiter]/[class:com.local.lessions.datentimetest.DateNTimeTest]/[method:testZeroPlusDayz()]"/>
    <testcase name="testFormatDateTimeDayMonthDateYear" classname="com.local.lessions.datentimetest.DateNTimeTest" time="0.007" displayname="testFormatDateTimeDayMonthDateYear()" uniqueid="[engine:junit-jupiter]/[class:com.local.lessions.datentimetest.DateNTimeTest]/[method:testFormatDateTimeDayMonthDateYear()]"/>
    <testcase name="testNegetivePlusDayz" classname="com.local.lessions.datentimetest.DateNTimeTest" time="0.002" displayname="testNegetivePlusDayz()" uniqueid="[engine:junit-jupiter]/[class:com.local.lessions.datentimetest.DateNTimeTest]/[method:testNegetivePlusDayz()]"/>
    <testcase name="testGetDayOfWeekReturnsGetsDay" classname="com.local.lessions.datentimetest.DateNTimeTest" time="0.002" displayname="testGetDayOfWeekReturnsGetsDay()" uniqueid="[engine:junit-jupiter]/[class:com.local.lessions.datentimetest.DateNTimeTest]/[method:testGetDayOfWeekReturnsGetsDay()]"/>
    <testcase name="testMinusDays" classname="com.local.lessions.datentimetest.DateNTimeTest" time="0.002" displayname="testMinusDays()" uniqueid="[engine:junit-jupiter]/[class:com.local.lessions.datentimetest.DateNTimeTest]/[method:testMinusDays()]"/>
    <testcase name="testFormatDateTimeYYYYMMDD" classname="com.local.lessions.datentimetest.DateNTimeTest" time="0.002" displayname="testFormatDateTimeYYYYMMDD()" uniqueid="[engine:junit-jupiter]/[class:com.local.lessions.datentimetest.DateNTimeTest]/[method:testFormatDateTimeYYYYMMDD()]"/>
    <testcase name="testFormatDateTimeYYMMDD" classname="com.local.lessions.datentimetest.DateNTimeTest" time="0.024" displayname="testFormatDateTimeYYMMDD()" uniqueid="[engine:junit-jupiter]/[class:com.local.lessions.datentimetest.DateNTimeTest]/[method:testFormatDateTimeYYMMDD()]"/>
  </testsuite>
</testrun>
